<?xml version="1.0" encoding="UTF-8"?>
<!-- Generated by org.testng.reporters.JUnitReportReporter -->
<testsuite skipped="0" hostname="ArJunN-24" name="com.qa.testCases.HomePageTest" tests="2" failures="0" timestamp="2021-11-03T15:13:39 IST" time="0.067" errors="0">
  <testcase name="servicesLinkExistsTest" time="0.022" classname="com.qa.testCases.HomePageTest"/>
  <system-out/>
  <testcase name="aboutUsLinkExistsTest" time="0.045" classname="com.qa.testCases.HomePageTest"/>
  <system-out/>
</testsuite> <!-- com.qa.testCases.HomePageTest -->
